0 info it worked if it ends with ok
1 verbose cli [ 'node',
1 verbose cli   '/usr/local/lib/node_modules/hnpm/node_modules/.bin/npm',
1 verbose cli   '--userconfig=/Users/danielhe/.hnpmrc',
1 verbose cli   '--disturl=https://npm.taobao.org/mirrors/node',
1 verbose cli   '--cache=/Users/danielhe/.hnpm',
1 verbose cli   '--registry=http://192.168.33.183:4873',
1 verbose cli   '--node-gyp=/usr/local/lib/node_modules/hnpm/node_modules/pangyp/bin/node-gyp.js',
1 verbose cli   'run',
1 verbose cli   'all' ]
2 info using npm@2.7.6
3 info using node@v0.12.7
4 verbose stack Error: missing script: all
4 verbose stack     at run (/usr/local/lib/node_modules/hnpm/node_modules/npm/lib/run-script.js:165:19)
4 verbose stack     at /usr/local/lib/node_modules/hnpm/node_modules/npm/lib/run-script.js:81:5
4 verbose stack     at /usr/local/lib/node_modules/hnpm/node_modules/npm/node_modules/read-package-json/read-json.js:345:5
4 verbose stack     at checkBinReferences_ (/usr/local/lib/node_modules/hnpm/node_modules/npm/node_modules/read-package-json/read-json.js:309:45)
4 verbose stack     at final (/usr/local/lib/node_modules/hnpm/node_modules/npm/node_modules/read-package-json/read-json.js:343:3)
4 verbose stack     at then (/usr/local/lib/node_modules/hnpm/node_modules/npm/node_modules/read-package-json/read-json.js:113:5)
4 verbose stack     at /usr/local/lib/node_modules/hnpm/node_modules/npm/node_modules/read-package-json/read-json.js:300:12
4 verbose stack     at evalmachine.<anonymous>:334:14
4 verbose stack     at /usr/local/lib/node_modules/hnpm/node_modules/npm/node_modules/graceful-fs/graceful-fs.js:102:5
4 verbose stack     at FSReqWrap.oncomplete (evalmachine.<anonymous>:95:15)
5 verbose cwd /Users/danielhe/work/git-repo/ours/react-treeview
6 error Darwin 15.0.0
7 error argv "node" "/usr/local/lib/node_modules/hnpm/node_modules/.bin/npm" "--userconfig=/Users/danielhe/.hnpmrc" "--disturl=https://npm.taobao.org/mirrors/node" "--cache=/Users/danielhe/.hnpm" "--registry=http://192.168.33.183:4873" "--node-gyp=/usr/local/lib/node_modules/hnpm/node_modules/pangyp/bin/node-gyp.js" "run" "all"
8 error node v0.12.7
9 error npm  v2.7.6
10 error missing script: all
11 error If you need help, you may report this error at:
11 error     <https://github.com/npm/npm/issues>
12 verbose exit [ 1, true ]
